2025-06-26 17:40:46,247 - INFO - Loading training tensors...
2025-06-26 17:40:46,247 - INFO - word: three
2025-06-26 17:40:47,134 - INFO - padded tensor shape: [240, 93, 13]
2025-06-26 17:40:47,134 - INFO - word: two
2025-06-26 17:40:47,719 - INFO - padded tensor shape: [240, 122, 13]
2025-06-26 17:40:47,719 - INFO - word: four
2025-06-26 17:40:48,356 - INFO - padded tensor shape: [240, 112, 13]
2025-06-26 17:40:48,356 - INFO - word: one
2025-06-26 17:40:49,017 - INFO - padded tensor shape: [240, 101, 13]
2025-06-26 17:40:49,017 - INFO - word: zero
2025-06-26 17:40:49,754 - INFO - padded tensor shape: [240, 100, 13]
2025-06-26 17:40:49,754 - INFO - word: five
2025-06-26 17:40:50,418 - INFO - padded tensor shape: [240, 103, 13]
2025-06-26 17:40:50,418 - INFO - word: nine
2025-06-26 17:40:51,124 - INFO - padded tensor shape: [240, 229, 13]
2025-06-26 17:40:51,124 - INFO - word: seven
2025-06-26 17:40:51,841 - INFO - padded tensor shape: [240, 220, 13]
2025-06-26 17:40:51,841 - INFO - word: six
2025-06-26 17:40:52,796 - INFO - padded tensor shape: [240, 98, 13]
2025-06-26 17:40:52,796 - INFO - word: eight
2025-06-26 17:40:53,509 - INFO - padded tensor shape: [240, 101, 13]
2025-06-26 17:40:53,509 - INFO - Loading test tensors...
2025-06-26 17:40:53,509 - INFO - word: five
2025-06-26 17:40:53,690 - INFO - padded tensor shape: [60, 115, 13]
2025-06-26 17:40:53,690 - INFO - word: one
2025-06-26 17:40:53,842 - INFO - padded tensor shape: [60, 81, 13]
2025-06-26 17:40:53,843 - INFO - word: three
2025-06-26 17:40:54,048 - INFO - padded tensor shape: [60, 132, 13]
2025-06-26 17:40:54,048 - INFO - word: six
2025-06-26 17:40:54,225 - INFO - padded tensor shape: [60, 88, 13]
2025-06-26 17:40:54,225 - INFO - word: four
2025-06-26 17:40:54,380 - INFO - padded tensor shape: [60, 65, 13]
2025-06-26 17:40:54,380 - INFO - word: seven
2025-06-26 17:40:54,564 - INFO - padded tensor shape: [60, 104, 13]
2025-06-26 17:40:54,564 - INFO - word: zero
2025-06-26 17:40:54,749 - INFO - padded tensor shape: [60, 117, 13]
2025-06-26 17:40:54,749 - INFO - word: eight
2025-06-26 17:40:54,904 - INFO - padded tensor shape: [60, 115, 13]
2025-06-26 17:40:54,904 - INFO - word: two
2025-06-26 17:40:55,047 - INFO - padded tensor shape: [60, 99, 13]
2025-06-26 17:40:55,047 - INFO - word: nine
2025-06-26 17:40:55,209 - INFO - padded tensor shape: [60, 64, 13]
2025-06-26 17:40:55,209 - INFO - 
2025-06-26 17:40:55,209 - INFO - Loading model...
2025-06-26 17:40:55,211 - INFO - Loaded a new model named radiological-yosemitetoad-97!
2025-06-26 17:40:55,211 - INFO - number of HMMs: 10

2025-06-26 17:40:55,211 - INFO - Commence training! some hyperparameters:
2025-06-26 17:40:55,211 - INFO - states=3,  gmm_components=3
2025-06-26 17:40:55,211 - INFO - epochs=15,  n_mels=13
2025-06-26 17:40:55,211 - INFO - seed=0

2025-06-26 17:40:55,211 - INFO - Training HMM for Word  = three!
2025-06-26 17:40:55,447 - INFO - initial: state log likelihoods: (-9.493, -6.53, -8.068)
2025-06-26 17:40:55,668 - INFO - epoch 1 state log likelihoods: (-8.666, -5.213, -6.411)
2025-06-26 17:40:55,888 - INFO - epoch 2 state log likelihoods: (-8.572, -4.914, -5.716)
2025-06-26 17:40:56,108 - INFO - epoch 3 state log likelihoods: (-8.418, -4.866, -5.688)
2025-06-26 17:40:56,332 - INFO - epoch 4 state log likelihoods: (-8.186, -4.898, -5.709)
2025-06-26 17:40:56,562 - INFO - epoch 5 state log likelihoods: (-7.917, -4.925, -5.697)
2025-06-26 17:40:56,788 - INFO - epoch 6 state log likelihoods: (-7.654, -4.981, -5.676)
2025-06-26 17:40:57,020 - INFO - epoch 7 state log likelihoods: (-7.527, -5.013, -5.668)
2025-06-26 17:40:57,250 - INFO - epoch 8 state log likelihoods: (-7.491, -5.025, -5.667)
2025-06-26 17:40:57,477 - INFO - epoch 9 state log likelihoods: (-7.474, -5.045, -5.67)
2025-06-26 17:40:57,697 - INFO - epoch 10 state log likelihoods: (-7.453, -5.079, -5.674)
2025-06-26 17:40:57,915 - INFO - epoch 11 state log likelihoods: (-7.424, -5.117, -5.68)
2025-06-26 17:40:58,119 - INFO - epoch 12 state log likelihoods: (-7.4, -5.153, -5.683)
2025-06-26 17:40:58,343 - INFO - epoch 13 state log likelihoods: (-7.383, -5.189, -5.684)
2025-06-26 17:40:58,574 - INFO - epoch 14 state log likelihoods: (-7.36, -5.237, -5.685)
2025-06-26 17:40:58,799 - INFO - epoch 15 state log likelihoods: (-7.338, -5.284, -5.686)
2025-06-26 17:40:58,799 - INFO - 

2025-06-26 17:40:58,799 - INFO - Training HMM for Word  = two!
2025-06-26 17:40:59,091 - INFO - initial: state log likelihoods: (-12.027, -6.567, -8.383)
2025-06-26 17:40:59,362 - INFO - epoch 1 state log likelihoods: (-12.063, -6.03, -7.571)
2025-06-26 17:40:59,636 - INFO - epoch 2 state log likelihoods: (-10.749, -5.279, -7.283)
2025-06-26 17:40:59,926 - INFO - epoch 3 state log likelihoods: (-9.769, -4.296, -7.205)
2025-06-26 17:41:00,221 - INFO - epoch 4 state log likelihoods: (-9.305, -4.014, -7.212)
2025-06-26 17:41:00,509 - INFO - epoch 5 state log likelihoods: (-9.126, -3.91, -7.214)
2025-06-26 17:41:00,778 - INFO - epoch 6 state log likelihoods: (-9.065, -3.875, -7.215)
2025-06-26 17:41:01,066 - INFO - epoch 7 state log likelihoods: (-9.039, -3.861, -7.215)
2025-06-26 17:41:01,730 - INFO - epoch 8 state log likelihoods: (-9.027, -3.856, -7.215)
2025-06-26 17:41:02,017 - INFO - epoch 9 state log likelihoods: (-9.02, -3.853, -7.215)
2025-06-26 17:41:02,290 - INFO - epoch 10 state log likelihoods: (-9.015, -3.851, -7.215)
2025-06-26 17:41:02,529 - INFO - epoch 11 state log likelihoods: (-9.011, -3.849, -7.215)
2025-06-26 17:41:02,767 - INFO - epoch 12 state log likelihoods: (-9.007, -3.848, -7.215)
2025-06-26 17:41:03,011 - INFO - epoch 13 state log likelihoods: (-9.003, -3.846, -7.215)
2025-06-26 17:41:03,282 - INFO - epoch 14 state log likelihoods: (-8.998, -3.844, -7.215)
2025-06-26 17:41:03,556 - INFO - epoch 15 state log likelihoods: (-8.994, -3.842, -7.215)
2025-06-26 17:41:03,557 - INFO - 

2025-06-26 17:41:03,557 - INFO - Training HMM for Word  = four!
2025-06-26 17:41:03,830 - INFO - initial: state log likelihoods: (-6.737, -5.976, -8.764)
2025-06-26 17:41:04,098 - INFO - epoch 1 state log likelihoods: (-5.192, -4.565, -7.102)
2025-06-26 17:41:04,376 - INFO - epoch 2 state log likelihoods: (-4.837, -4.37, -6.022)
2025-06-26 17:41:04,608 - INFO - epoch 3 state log likelihoods: (-4.612, -4.344, -5.698)
2025-06-26 17:41:04,850 - INFO - epoch 4 state log likelihoods: (-4.434, -4.32, -5.675)
2025-06-26 17:41:05,081 - INFO - epoch 5 state log likelihoods: (-4.391, -4.282, -5.625)
2025-06-26 17:41:05,302 - INFO - epoch 6 state log likelihoods: (-4.389, -4.255, -5.56)
2025-06-26 17:41:05,532 - INFO - epoch 7 state log likelihoods: (-4.398, -4.248, -5.551)
2025-06-26 17:41:05,740 - INFO - epoch 8 state log likelihoods: (-4.406, -4.253, -5.544)
2025-06-26 17:41:05,958 - INFO - epoch 9 state log likelihoods: (-4.406, -4.282, -5.513)
2025-06-26 17:41:06,204 - INFO - epoch 10 state log likelihoods: (-4.4, -4.305, -5.495)
2025-06-26 17:41:06,434 - INFO - epoch 11 state log likelihoods: (-4.401, -4.316, -5.487)
2025-06-26 17:41:06,639 - INFO - epoch 12 state log likelihoods: (-4.402, -4.323, -5.482)
2025-06-26 17:41:06,849 - INFO - epoch 13 state log likelihoods: (-4.402, -4.328, -5.479)
2025-06-26 17:41:07,030 - INFO - epoch 14 state log likelihoods: (-4.402, -4.332, -5.477)
2025-06-26 17:41:07,225 - INFO - epoch 15 state log likelihoods: (-4.402, -4.334, -5.476)
2025-06-26 17:41:07,225 - INFO - 

2025-06-26 17:41:07,225 - INFO - Training HMM for Word  = one!
2025-06-26 17:41:07,478 - INFO - initial: state log likelihoods: (-9.007, -7.853, -6.493)
2025-06-26 17:41:07,738 - INFO - epoch 1 state log likelihoods: (-8.598, -7.05, -5.999)
2025-06-26 17:41:07,985 - INFO - epoch 2 state log likelihoods: (-8.72, -6.366, -5.946)
2025-06-26 17:41:08,248 - INFO - epoch 3 state log likelihoods: (-8.554, -6.37, -5.915)
2025-06-26 17:41:08,492 - INFO - epoch 4 state log likelihoods: (-8.473, -6.245, -5.894)
2025-06-26 17:41:08,737 - INFO - epoch 5 state log likelihoods: (-8.4, -6.207, -5.884)
2025-06-26 17:41:08,987 - INFO - epoch 6 state log likelihoods: (-8.321, -6.203, -5.879)
2025-06-26 17:41:09,256 - INFO - epoch 7 state log likelihoods: (-8.244, -6.143, -5.874)
2025-06-26 17:41:09,505 - INFO - epoch 8 state log likelihoods: (-8.21, -5.629, -5.87)
2025-06-26 17:41:09,758 - INFO - epoch 9 state log likelihoods: (-8.229, -4.635, -5.876)
2025-06-26 17:41:10,002 - INFO - epoch 10 state log likelihoods: (-8.27, -4.206, -5.863)
2025-06-26 17:41:10,248 - INFO - epoch 11 state log likelihoods: (-8.299, -4.11, -5.831)
2025-06-26 17:41:10,502 - INFO - epoch 12 state log likelihoods: (-8.318, -4.048, -5.792)
2025-06-26 17:41:10,752 - INFO - epoch 13 state log likelihoods: (-8.333, -4.053, -5.762)
2025-06-26 17:41:10,995 - INFO - epoch 14 state log likelihoods: (-8.337, -4.045, -5.762)
2025-06-26 17:41:11,229 - INFO - epoch 15 state log likelihoods: (-8.337, -4.041, -5.764)
2025-06-26 17:41:11,230 - INFO - 

2025-06-26 17:41:11,230 - INFO - Training HMM for Word  = zero!
2025-06-26 17:41:11,478 - INFO - initial: state log likelihoods: (-9.825, -6.78, -8.557)
2025-06-26 17:41:11,729 - INFO - epoch 1 state log likelihoods: (-6.707, -5.588, -7.755)
2025-06-26 17:41:11,993 - INFO - epoch 2 state log likelihoods: (-6.053, -4.403, -7.567)
2025-06-26 17:41:12,240 - INFO - epoch 3 state log likelihoods: (-5.894, -4.171, -7.541)
2025-06-26 17:41:12,488 - INFO - epoch 4 state log likelihoods: (-5.936, -4.134, -7.526)
2025-06-26 17:41:12,727 - INFO - epoch 5 state log likelihoods: (-5.973, -4.126, -7.515)
2025-06-26 17:41:12,973 - INFO - epoch 6 state log likelihoods: (-5.994, -4.127, -7.509)
2025-06-26 17:41:13,212 - INFO - epoch 7 state log likelihoods: (-6.015, -4.129, -7.498)
2025-06-26 17:41:13,454 - INFO - epoch 8 state log likelihoods: (-6.034, -4.132, -7.483)
2025-06-26 17:41:13,700 - INFO - epoch 9 state log likelihoods: (-6.053, -4.133, -7.477)
2025-06-26 17:41:13,942 - INFO - epoch 10 state log likelihoods: (-6.067, -4.134, -7.474)
2025-06-26 17:41:14,183 - INFO - epoch 11 state log likelihoods: (-6.075, -4.136, -7.473)
2025-06-26 17:41:14,362 - INFO - epoch 12 state log likelihoods: (-6.079, -4.137, -7.472)
2025-06-26 17:41:14,605 - INFO - epoch 13 state log likelihoods: (-6.08, -4.138, -7.472)
2025-06-26 17:41:14,847 - INFO - epoch 14 state log likelihoods: (-6.082, -4.138, -7.471)
2025-06-26 17:41:15,049 - INFO - epoch 15 state log likelihoods: (-6.082, -4.138, -7.471)
2025-06-26 17:41:15,049 - INFO - 

2025-06-26 17:41:15,049 - INFO - Training HMM for Word  = five!
2025-06-26 17:41:15,342 - INFO - initial: state log likelihoods: (-6.223, -6.246, -6.697)
2025-06-26 17:41:15,628 - INFO - epoch 1 state log likelihoods: (-3.931, -5.484, -6.289)
2025-06-26 17:41:15,880 - INFO - epoch 2 state log likelihoods: (-3.553, -5.424, -5.787)
2025-06-26 17:41:16,138 - INFO - epoch 3 state log likelihoods: (-3.376, -5.495, -5.02)
2025-06-26 17:41:16,407 - INFO - epoch 4 state log likelihoods: (-3.213, -5.53, -4.53)
2025-06-26 17:41:16,654 - INFO - epoch 5 state log likelihoods: (-3.202, -5.562, -4.159)
2025-06-26 17:41:16,913 - INFO - epoch 6 state log likelihoods: (-3.249, -5.57, -3.874)
2025-06-26 17:41:17,167 - INFO - epoch 7 state log likelihoods: (-3.306, -5.592, -3.663)
2025-06-26 17:41:17,430 - INFO - epoch 8 state log likelihoods: (-3.356, -5.661, -3.502)
2025-06-26 17:41:17,686 - INFO - epoch 9 state log likelihoods: (-3.413, -5.693, -3.383)
2025-06-26 17:41:17,934 - INFO - epoch 10 state log likelihoods: (-3.471, -5.715, -3.237)
2025-06-26 17:41:18,201 - INFO - epoch 11 state log likelihoods: (-3.502, -5.731, -3.138)
2025-06-26 17:41:18,451 - INFO - epoch 12 state log likelihoods: (-3.54, -5.742, -3.08)
2025-06-26 17:41:18,697 - INFO - epoch 13 state log likelihoods: (-3.568, -5.751, -3.029)
2025-06-26 17:41:18,977 - INFO - epoch 14 state log likelihoods: (-3.591, -5.759, -2.976)
2025-06-26 17:41:19,216 - INFO - epoch 15 state log likelihoods: (-3.574, -5.802, -2.905)
2025-06-26 17:41:19,216 - INFO - 

2025-06-26 17:41:19,216 - INFO - Training HMM for Word  = nine!
2025-06-26 17:41:19,725 - INFO - initial: state log likelihoods: (-6.999, -5.772, -7.141)
2025-06-26 17:41:20,209 - INFO - epoch 1 state log likelihoods: (-4.248, -4.428, -6.233)
2025-06-26 17:41:20,678 - INFO - epoch 2 state log likelihoods: (-3.671, -4.168, -5.747)
2025-06-26 17:41:21,157 - INFO - epoch 3 state log likelihoods: (-3.737, -3.421, -5.459)
2025-06-26 17:41:21,618 - INFO - epoch 4 state log likelihoods: (-3.728, -3.109, -5.595)
2025-06-26 17:41:22,072 - INFO - epoch 5 state log likelihoods: (-3.723, -3.107, -5.627)
2025-06-26 17:41:22,555 - INFO - epoch 6 state log likelihoods: (-3.745, -3.265, -5.616)
2025-06-26 17:41:23,066 - INFO - epoch 7 state log likelihoods: (-3.789, -3.342, -5.608)
2025-06-26 17:41:23,551 - INFO - epoch 8 state log likelihoods: (-3.81, -3.387, -5.604)
2025-06-26 17:41:24,011 - INFO - epoch 9 state log likelihoods: (-3.805, -3.424, -5.602)
2025-06-26 17:41:24,501 - INFO - epoch 10 state log likelihoods: (-3.73, -3.493, -5.599)
2025-06-26 17:41:25,044 - INFO - epoch 11 state log likelihoods: (-3.639, -3.555, -5.596)
2025-06-26 17:41:25,526 - INFO - epoch 12 state log likelihoods: (-3.565, -3.602, -5.592)
2025-06-26 17:41:26,019 - INFO - epoch 13 state log likelihoods: (-3.417, -3.672, -5.588)
2025-06-26 17:41:26,502 - INFO - epoch 14 state log likelihoods: (-3.336, -3.691, -5.585)
2025-06-26 17:41:26,990 - INFO - epoch 15 state log likelihoods: (-3.242, -3.703, -5.583)
2025-06-26 17:41:26,990 - INFO - 

2025-06-26 17:41:26,990 - INFO - Training HMM for Word  = seven!
2025-06-26 17:41:27,673 - INFO - initial: state log likelihoods: (-9.567, -5.61, -6.393)
2025-06-26 17:41:28,193 - INFO - epoch 1 state log likelihoods: (-7.649, -5.277, -5.444)
2025-06-26 17:41:28,680 - INFO - epoch 2 state log likelihoods: (-7.282, -5.017, -5.445)
2025-06-26 17:41:29,203 - INFO - epoch 3 state log likelihoods: (-7.393, -4.729, -5.422)
2025-06-26 17:41:29,756 - INFO - epoch 4 state log likelihoods: (-7.463, -4.785, -5.402)
2025-06-26 17:41:30,375 - INFO - epoch 5 state log likelihoods: (-7.423, -4.8, -5.404)
2025-06-26 17:41:30,903 - INFO - epoch 6 state log likelihoods: (-7.488, -4.765, -5.404)
2025-06-26 17:41:31,464 - INFO - epoch 7 state log likelihoods: (-7.45, -4.671, -5.404)
2025-06-26 17:41:32,011 - INFO - epoch 8 state log likelihoods: (-7.468, -4.538, -5.407)
2025-06-26 17:41:32,565 - INFO - epoch 9 state log likelihoods: (-7.462, -4.444, -5.411)
2025-06-26 17:41:33,105 - INFO - epoch 10 state log likelihoods: (-7.495, -4.365, -5.416)
2025-06-26 17:41:33,673 - INFO - epoch 11 state log likelihoods: (-7.569, -4.297, -5.423)
2025-06-26 17:41:34,229 - INFO - epoch 12 state log likelihoods: (-7.576, -4.271, -5.431)
2025-06-26 17:41:34,791 - INFO - epoch 13 state log likelihoods: (-7.55, -4.248, -5.442)
2025-06-26 17:41:35,596 - INFO - epoch 14 state log likelihoods: (-7.493, -4.246, -5.45)
2025-06-26 17:41:36,096 - INFO - epoch 15 state log likelihoods: (-7.45, -4.251, -5.458)
2025-06-26 17:41:36,096 - INFO - 

2025-06-26 17:41:36,097 - INFO - Training HMM for Word  = six!
2025-06-26 17:41:36,402 - INFO - initial: state log likelihoods: (-8.445, -7.491, -7.146)
2025-06-26 17:41:36,684 - INFO - epoch 1 state log likelihoods: (-6.734, -6.988, -5.35)
2025-06-26 17:41:36,949 - INFO - epoch 2 state log likelihoods: (-4.328, -7.042, -4.81)
2025-06-26 17:41:37,238 - INFO - epoch 3 state log likelihoods: (-4.178, -7.142, -4.611)
2025-06-26 17:41:37,516 - INFO - epoch 4 state log likelihoods: (-4.176, -7.196, -4.496)
2025-06-26 17:41:37,802 - INFO - epoch 5 state log likelihoods: (-4.14, -7.159, -4.486)
2025-06-26 17:41:38,082 - INFO - epoch 6 state log likelihoods: (-4.081, -7.1, -4.569)
2025-06-26 17:41:38,347 - INFO - epoch 7 state log likelihoods: (-4.069, -7.048, -4.264)
2025-06-26 17:41:38,619 - INFO - epoch 8 state log likelihoods: (-4.069, -7.069, -4.104)
2025-06-26 17:41:38,974 - INFO - epoch 9 state log likelihoods: (-4.077, -7.071, -4.122)
2025-06-26 17:41:39,227 - INFO - epoch 10 state log likelihoods: (-4.089, -7.059, -4.181)
2025-06-26 17:41:39,478 - INFO - epoch 11 state log likelihoods: (-4.105, -7.05, -4.213)
2025-06-26 17:41:39,737 - INFO - epoch 12 state log likelihoods: (-4.117, -7.04, -4.243)
2025-06-26 17:41:40,009 - INFO - epoch 13 state log likelihoods: (-4.127, -7.034, -4.26)
2025-06-26 17:41:40,256 - INFO - epoch 14 state log likelihoods: (-4.134, -7.032, -4.268)
2025-06-26 17:41:40,511 - INFO - epoch 15 state log likelihoods: (-4.138, -7.03, -4.275)
2025-06-26 17:41:40,511 - INFO - 

2025-06-26 17:41:40,511 - INFO - Training HMM for Word  = eight!
2025-06-26 17:41:40,788 - INFO - initial: state log likelihoods: (-8.066, -7.685, -7.476)
2025-06-26 17:41:41,064 - INFO - epoch 1 state log likelihoods: (-5.557, -6.477, -6.513)
2025-06-26 17:41:41,330 - INFO - epoch 2 state log likelihoods: (-5.543, -6.267, -6.465)
2025-06-26 17:41:41,595 - INFO - epoch 3 state log likelihoods: (-5.556, -6.116, -6.611)
2025-06-26 17:41:41,856 - INFO - epoch 4 state log likelihoods: (-5.543, -5.948, -6.86)
2025-06-26 17:41:42,119 - INFO - epoch 5 state log likelihoods: (-5.531, -5.792, -6.99)
2025-06-26 17:41:42,373 - INFO - epoch 6 state log likelihoods: (-5.521, -5.758, -7.182)
2025-06-26 17:41:42,624 - INFO - epoch 7 state log likelihoods: (-5.464, -5.785, -7.063)
2025-06-26 17:41:42,877 - INFO - epoch 8 state log likelihoods: (-5.454, -5.836, -7.015)
2025-06-26 17:41:43,134 - INFO - epoch 9 state log likelihoods: (-5.442, -5.877, -6.961)
2025-06-26 17:41:43,399 - INFO - epoch 10 state log likelihoods: (-5.438, -5.904, -6.918)
2025-06-26 17:41:43,653 - INFO - epoch 11 state log likelihoods: (-5.44, -5.919, -6.893)
2025-06-26 17:41:43,909 - INFO - epoch 12 state log likelihoods: (-5.444, -5.93, -6.851)
2025-06-26 17:41:44,173 - INFO - epoch 13 state log likelihoods: (-5.444, -5.942, -6.828)
2025-06-26 17:41:44,427 - INFO - epoch 14 state log likelihoods: (-5.433, -5.959, -6.807)
2025-06-26 17:41:44,688 - INFO - epoch 15 state log likelihoods: (-5.432, -5.966, -6.788)
2025-06-26 17:41:44,688 - INFO - 

2025-06-26 17:41:45,728 - INFO - Accuracy: 0.828333

2025-06-26 17:41:45,728 - INFO - by digit:
2025-06-26 17:41:45,728 - INFO - zero: 0.95
2025-06-26 17:41:45,728 - INFO - one: 0.9167
2025-06-26 17:41:45,728 - INFO - two: 0.9167
2025-06-26 17:41:45,729 - INFO - three: 0.7
2025-06-26 17:41:45,729 - INFO - four: 0.8333
2025-06-26 17:41:45,729 - INFO - five: 0.8667
2025-06-26 17:41:45,729 - INFO - six: 0.7667
2025-06-26 17:41:45,729 - INFO - seven: 0.7833
2025-06-26 17:41:45,729 - INFO - eight: 0.6167
2025-06-26 17:41:45,729 - INFO - nine: 0.9333
