2025-06-30 12:45:33,223 - INFO - Loading training tensors...
2025-06-30 12:45:33,223 - INFO - word: three
2025-06-30 12:45:34,092 - INFO - padded tensor shape: [240, 93, 13]
2025-06-30 12:45:34,092 - INFO - word: two
2025-06-30 12:45:34,687 - INFO - padded tensor shape: [240, 122, 13]
2025-06-30 12:45:34,687 - INFO - word: four
2025-06-30 12:45:35,299 - INFO - padded tensor shape: [240, 112, 13]
2025-06-30 12:45:35,299 - INFO - word: one
2025-06-30 12:45:35,890 - INFO - padded tensor shape: [240, 101, 13]
2025-06-30 12:45:35,891 - INFO - word: zero
2025-06-30 12:45:36,560 - INFO - padded tensor shape: [240, 100, 13]
2025-06-30 12:45:36,560 - INFO - word: five
2025-06-30 12:45:37,173 - INFO - padded tensor shape: [240, 103, 13]
2025-06-30 12:45:37,173 - INFO - word: nine
2025-06-30 12:45:37,829 - INFO - padded tensor shape: [240, 229, 13]
2025-06-30 12:45:37,829 - INFO - word: seven
2025-06-30 12:45:38,470 - INFO - padded tensor shape: [240, 220, 13]
2025-06-30 12:45:38,471 - INFO - word: six
2025-06-30 12:45:39,182 - INFO - padded tensor shape: [240, 98, 13]
2025-06-30 12:45:39,182 - INFO - word: eight
2025-06-30 12:45:39,886 - INFO - padded tensor shape: [240, 101, 13]
2025-06-30 12:45:39,886 - INFO - Loading test tensors...
2025-06-30 12:45:39,886 - INFO - word: five
2025-06-30 12:45:40,077 - INFO - padded tensor shape: [60, 115, 13]
2025-06-30 12:45:40,077 - INFO - word: one
2025-06-30 12:45:40,266 - INFO - padded tensor shape: [60, 81, 13]
2025-06-30 12:45:40,266 - INFO - word: three
2025-06-30 12:45:40,455 - INFO - padded tensor shape: [60, 132, 13]
2025-06-30 12:45:40,455 - INFO - word: six
2025-06-30 12:45:40,659 - INFO - padded tensor shape: [60, 88, 13]
2025-06-30 12:45:40,659 - INFO - word: four
2025-06-30 12:45:41,019 - INFO - padded tensor shape: [60, 65, 13]
2025-06-30 12:45:41,020 - INFO - word: seven
2025-06-30 12:45:41,221 - INFO - padded tensor shape: [60, 104, 13]
2025-06-30 12:45:41,221 - INFO - word: zero
2025-06-30 12:45:41,432 - INFO - padded tensor shape: [60, 117, 13]
2025-06-30 12:45:41,432 - INFO - word: eight
2025-06-30 12:45:41,629 - INFO - padded tensor shape: [60, 115, 13]
2025-06-30 12:45:41,629 - INFO - word: two
2025-06-30 12:45:41,804 - INFO - padded tensor shape: [60, 99, 13]
2025-06-30 12:45:41,804 - INFO - word: nine
2025-06-30 12:45:42,006 - INFO - padded tensor shape: [60, 64, 13]
2025-06-30 12:45:42,007 - INFO - 
2025-06-30 12:45:42,007 - INFO - Loading model...
2025-06-30 12:45:42,008 - INFO - Loaded a new model named beamlike-ibis-33!
2025-06-30 12:45:42,008 - INFO - number of HMMs: 10

2025-06-30 12:45:42,009 - INFO - Commence training! some hyperparameters:
2025-06-30 12:45:42,009 - INFO - states=3,  gmm_components=3
2025-06-30 12:45:42,009 - INFO - epochs=15,  n_mels=13
2025-06-30 12:45:42,009 - INFO - seed=0

2025-06-30 12:45:42,009 - INFO - Training HMM for Word  = three!
2025-06-30 12:45:42,233 - INFO - initial: state log likelihoods: (-9.497, -6.501, -8.052)
2025-06-30 12:45:42,459 - INFO - epoch 1 state log likelihoods: (-8.669, -5.206, -6.428)
2025-06-30 12:45:42,683 - INFO - epoch 2 state log likelihoods: (-8.568, -4.933, -5.723)
2025-06-30 12:45:42,898 - INFO - epoch 3 state log likelihoods: (-8.409, -4.893, -5.697)
2025-06-30 12:45:43,113 - INFO - epoch 4 state log likelihoods: (-8.161, -4.928, -5.713)
2025-06-30 12:45:43,336 - INFO - epoch 5 state log likelihoods: (-7.901, -4.936, -5.71)
2025-06-30 12:45:43,560 - INFO - epoch 6 state log likelihoods: (-7.625, -4.993, -5.681)
2025-06-30 12:45:43,783 - INFO - epoch 7 state log likelihoods: (-7.516, -5.02, -5.67)
2025-06-30 12:45:44,008 - INFO - epoch 8 state log likelihoods: (-7.488, -5.027, -5.669)
2025-06-30 12:45:44,233 - INFO - epoch 9 state log likelihoods: (-7.472, -5.047, -5.671)
2025-06-30 12:45:44,462 - INFO - epoch 10 state log likelihoods: (-7.451, -5.081, -5.676)
2025-06-30 12:45:44,681 - INFO - epoch 11 state log likelihoods: (-7.421, -5.12, -5.681)
2025-06-30 12:45:44,891 - INFO - epoch 12 state log likelihoods: (-7.398, -5.155, -5.683)
2025-06-30 12:45:45,112 - INFO - epoch 13 state log likelihoods: (-7.381, -5.192, -5.685)
2025-06-30 12:45:45,334 - INFO - epoch 14 state log likelihoods: (-7.357, -5.242, -5.685)
2025-06-30 12:45:45,550 - INFO - epoch 15 state log likelihoods: (-7.337, -5.287, -5.686)
2025-06-30 12:45:45,550 - INFO - 

2025-06-30 12:45:45,550 - INFO - Training HMM for Word  = two!
2025-06-30 12:45:45,810 - INFO - initial: state log likelihoods: (-12.027, -6.567, -8.383)
2025-06-30 12:45:46,070 - INFO - epoch 1 state log likelihoods: (-12.063, -6.03, -7.571)
2025-06-30 12:45:46,330 - INFO - epoch 2 state log likelihoods: (-10.749, -5.279, -7.283)
2025-06-30 12:45:46,593 - INFO - epoch 3 state log likelihoods: (-9.769, -4.296, -7.205)
2025-06-30 12:45:46,849 - INFO - epoch 4 state log likelihoods: (-9.305, -4.014, -7.212)
2025-06-30 12:45:47,115 - INFO - epoch 5 state log likelihoods: (-9.126, -3.91, -7.214)
2025-06-30 12:45:47,372 - INFO - epoch 6 state log likelihoods: (-9.065, -3.875, -7.215)
2025-06-30 12:45:47,652 - INFO - epoch 7 state log likelihoods: (-9.039, -3.861, -7.215)
2025-06-30 12:45:47,931 - INFO - epoch 8 state log likelihoods: (-9.027, -3.856, -7.215)
2025-06-30 12:45:48,179 - INFO - epoch 9 state log likelihoods: (-9.02, -3.853, -7.215)
2025-06-30 12:45:48,446 - INFO - epoch 10 state log likelihoods: (-9.015, -3.851, -7.215)
2025-06-30 12:45:48,713 - INFO - epoch 11 state log likelihoods: (-9.011, -3.849, -7.215)
2025-06-30 12:45:48,953 - INFO - epoch 12 state log likelihoods: (-9.007, -3.848, -7.215)
2025-06-30 12:45:49,198 - INFO - epoch 13 state log likelihoods: (-9.003, -3.846, -7.215)
2025-06-30 12:45:49,474 - INFO - epoch 14 state log likelihoods: (-8.998, -3.844, -7.215)
2025-06-30 12:45:49,762 - INFO - epoch 15 state log likelihoods: (-8.994, -3.842, -7.215)
2025-06-30 12:45:49,763 - INFO - 

2025-06-30 12:45:49,763 - INFO - Training HMM for Word  = four!
2025-06-30 12:45:50,033 - INFO - initial: state log likelihoods: (-6.737, -5.976, -8.764)
2025-06-30 12:45:50,304 - INFO - epoch 1 state log likelihoods: (-5.192, -4.565, -7.102)
2025-06-30 12:45:50,562 - INFO - epoch 2 state log likelihoods: (-4.837, -4.37, -6.022)
2025-06-30 12:45:50,783 - INFO - epoch 3 state log likelihoods: (-4.612, -4.344, -5.698)
2025-06-30 12:45:51,014 - INFO - epoch 4 state log likelihoods: (-4.434, -4.32, -5.675)
2025-06-30 12:45:51,275 - INFO - epoch 5 state log likelihoods: (-4.391, -4.282, -5.625)
2025-06-30 12:45:51,505 - INFO - epoch 6 state log likelihoods: (-4.389, -4.255, -5.56)
2025-06-30 12:45:51,711 - INFO - epoch 7 state log likelihoods: (-4.398, -4.248, -5.551)
2025-06-30 12:45:51,899 - INFO - epoch 8 state log likelihoods: (-4.406, -4.253, -5.544)
2025-06-30 12:45:52,129 - INFO - epoch 9 state log likelihoods: (-4.406, -4.282, -5.513)
2025-06-30 12:45:52,346 - INFO - epoch 10 state log likelihoods: (-4.4, -4.305, -5.495)
2025-06-30 12:45:52,570 - INFO - epoch 11 state log likelihoods: (-4.401, -4.316, -5.487)
2025-06-30 12:45:52,768 - INFO - epoch 12 state log likelihoods: (-4.402, -4.323, -5.482)
2025-06-30 12:45:52,972 - INFO - epoch 13 state log likelihoods: (-4.402, -4.328, -5.479)
2025-06-30 12:45:53,139 - INFO - epoch 14 state log likelihoods: (-4.402, -4.332, -5.477)
2025-06-30 12:45:53,355 - INFO - epoch 15 state log likelihoods: (-4.402, -4.334, -5.476)
2025-06-30 12:45:53,355 - INFO - 

2025-06-30 12:45:53,355 - INFO - Training HMM for Word  = one!
2025-06-30 12:45:53,623 - INFO - initial: state log likelihoods: (-9.007, -7.853, -6.493)
2025-06-30 12:45:53,883 - INFO - epoch 1 state log likelihoods: (-8.598, -7.05, -5.999)
2025-06-30 12:45:54,126 - INFO - epoch 2 state log likelihoods: (-8.72, -6.366, -5.946)
2025-06-30 12:45:54,376 - INFO - epoch 3 state log likelihoods: (-8.554, -6.37, -5.915)
2025-06-30 12:45:54,642 - INFO - epoch 4 state log likelihoods: (-8.473, -6.245, -5.894)
2025-06-30 12:45:54,897 - INFO - epoch 5 state log likelihoods: (-8.4, -6.207, -5.884)
2025-06-30 12:45:55,133 - INFO - epoch 6 state log likelihoods: (-8.321, -6.203, -5.879)
2025-06-30 12:45:55,380 - INFO - epoch 7 state log likelihoods: (-8.244, -6.143, -5.874)
2025-06-30 12:45:55,627 - INFO - epoch 8 state log likelihoods: (-8.21, -5.629, -5.87)
2025-06-30 12:45:55,867 - INFO - epoch 9 state log likelihoods: (-8.229, -4.635, -5.876)
2025-06-30 12:45:56,113 - INFO - epoch 10 state log likelihoods: (-8.27, -4.206, -5.863)
2025-06-30 12:45:56,361 - INFO - epoch 11 state log likelihoods: (-8.299, -4.11, -5.831)
2025-06-30 12:45:56,604 - INFO - epoch 12 state log likelihoods: (-8.318, -4.048, -5.792)
2025-06-30 12:45:56,854 - INFO - epoch 13 state log likelihoods: (-8.333, -4.053, -5.762)
2025-06-30 12:45:57,102 - INFO - epoch 14 state log likelihoods: (-8.337, -4.045, -5.762)
2025-06-30 12:45:57,339 - INFO - epoch 15 state log likelihoods: (-8.337, -4.041, -5.764)
2025-06-30 12:45:57,339 - INFO - 

2025-06-30 12:45:57,339 - INFO - Training HMM for Word  = zero!
2025-06-30 12:45:57,598 - INFO - initial: state log likelihoods: (-9.825, -6.78, -8.557)
2025-06-30 12:45:57,854 - INFO - epoch 1 state log likelihoods: (-6.707, -5.588, -7.755)
2025-06-30 12:45:58,097 - INFO - epoch 2 state log likelihoods: (-6.053, -4.403, -7.567)
2025-06-30 12:45:58,336 - INFO - epoch 3 state log likelihoods: (-5.894, -4.171, -7.541)
2025-06-30 12:45:58,591 - INFO - epoch 4 state log likelihoods: (-5.936, -4.134, -7.526)
2025-06-30 12:45:58,850 - INFO - epoch 5 state log likelihoods: (-5.973, -4.126, -7.515)
2025-06-30 12:45:59,091 - INFO - epoch 6 state log likelihoods: (-5.994, -4.127, -7.509)
2025-06-30 12:45:59,346 - INFO - epoch 7 state log likelihoods: (-6.015, -4.129, -7.498)
2025-06-30 12:45:59,592 - INFO - epoch 8 state log likelihoods: (-6.034, -4.132, -7.483)
2025-06-30 12:45:59,854 - INFO - epoch 9 state log likelihoods: (-6.053, -4.133, -7.477)
2025-06-30 12:46:00,108 - INFO - epoch 10 state log likelihoods: (-6.067, -4.134, -7.474)
2025-06-30 12:46:00,370 - INFO - epoch 11 state log likelihoods: (-6.075, -4.136, -7.473)
2025-06-30 12:46:00,561 - INFO - epoch 12 state log likelihoods: (-6.079, -4.137, -7.472)
2025-06-30 12:46:00,818 - INFO - epoch 13 state log likelihoods: (-6.08, -4.138, -7.472)
2025-06-30 12:46:01,060 - INFO - epoch 14 state log likelihoods: (-6.082, -4.138, -7.471)
2025-06-30 12:46:01,260 - INFO - epoch 15 state log likelihoods: (-6.082, -4.138, -7.471)
2025-06-30 12:46:01,260 - INFO - 

2025-06-30 12:46:01,260 - INFO - Training HMM for Word  = five!
2025-06-30 12:46:01,528 - INFO - initial: state log likelihoods: (-6.223, -6.246, -6.697)
2025-06-30 12:46:01,778 - INFO - epoch 1 state log likelihoods: (-3.931, -5.484, -6.289)
2025-06-30 12:46:02,025 - INFO - epoch 2 state log likelihoods: (-3.553, -5.424, -5.787)
2025-06-30 12:46:02,281 - INFO - epoch 3 state log likelihoods: (-3.376, -5.495, -5.02)
2025-06-30 12:46:02,527 - INFO - epoch 4 state log likelihoods: (-3.213, -5.53, -4.53)
2025-06-30 12:46:02,771 - INFO - epoch 5 state log likelihoods: (-3.202, -5.562, -4.159)
2025-06-30 12:46:03,023 - INFO - epoch 6 state log likelihoods: (-3.249, -5.57, -3.874)
2025-06-30 12:46:03,279 - INFO - epoch 7 state log likelihoods: (-3.306, -5.592, -3.663)
2025-06-30 12:46:03,527 - INFO - epoch 8 state log likelihoods: (-3.356, -5.661, -3.502)
2025-06-30 12:46:03,786 - INFO - epoch 9 state log likelihoods: (-3.413, -5.693, -3.383)
2025-06-30 12:46:04,036 - INFO - epoch 10 state log likelihoods: (-3.471, -5.715, -3.237)
2025-06-30 12:46:04,286 - INFO - epoch 11 state log likelihoods: (-3.502, -5.731, -3.138)
2025-06-30 12:46:04,530 - INFO - epoch 12 state log likelihoods: (-3.54, -5.742, -3.08)
2025-06-30 12:46:04,787 - INFO - epoch 13 state log likelihoods: (-3.568, -5.751, -3.029)
2025-06-30 12:46:05,046 - INFO - epoch 14 state log likelihoods: (-3.591, -5.759, -2.976)
2025-06-30 12:46:05,292 - INFO - epoch 15 state log likelihoods: (-3.574, -5.802, -2.905)
2025-06-30 12:46:05,292 - INFO - 

2025-06-30 12:46:05,292 - INFO - Training HMM for Word  = nine!
2025-06-30 12:46:05,754 - INFO - initial: state log likelihoods: (-6.999, -5.772, -7.141)
2025-06-30 12:46:06,340 - INFO - epoch 1 state log likelihoods: (-4.248, -4.428, -6.233)
2025-06-30 12:46:06,810 - INFO - epoch 2 state log likelihoods: (-3.671, -4.168, -5.747)
2025-06-30 12:46:07,285 - INFO - epoch 3 state log likelihoods: (-3.737, -3.421, -5.459)
2025-06-30 12:46:07,762 - INFO - epoch 4 state log likelihoods: (-3.728, -3.109, -5.595)
2025-06-30 12:46:08,240 - INFO - epoch 5 state log likelihoods: (-3.723, -3.107, -5.627)
2025-06-30 12:46:08,727 - INFO - epoch 6 state log likelihoods: (-3.745, -3.265, -5.616)
2025-06-30 12:46:09,201 - INFO - epoch 7 state log likelihoods: (-3.789, -3.342, -5.608)
2025-06-30 12:46:09,666 - INFO - epoch 8 state log likelihoods: (-3.81, -3.387, -5.604)
2025-06-30 12:46:10,137 - INFO - epoch 9 state log likelihoods: (-3.805, -3.424, -5.602)
2025-06-30 12:46:10,625 - INFO - epoch 10 state log likelihoods: (-3.73, -3.493, -5.599)
2025-06-30 12:46:11,110 - INFO - epoch 11 state log likelihoods: (-3.639, -3.555, -5.596)
2025-06-30 12:46:11,549 - INFO - epoch 12 state log likelihoods: (-3.565, -3.602, -5.592)
2025-06-30 12:46:12,001 - INFO - epoch 13 state log likelihoods: (-3.417, -3.672, -5.588)
2025-06-30 12:46:12,443 - INFO - epoch 14 state log likelihoods: (-3.336, -3.691, -5.585)
2025-06-30 12:46:12,900 - INFO - epoch 15 state log likelihoods: (-3.242, -3.703, -5.583)
2025-06-30 12:46:12,900 - INFO - 

2025-06-30 12:46:12,900 - INFO - Training HMM for Word  = seven!
2025-06-30 12:46:13,798 - INFO - initial: state log likelihoods: (-9.567, -5.61, -6.393)
2025-06-30 12:46:14,354 - INFO - epoch 1 state log likelihoods: (-7.649, -5.277, -5.444)
2025-06-30 12:46:14,869 - INFO - epoch 2 state log likelihoods: (-7.282, -5.017, -5.445)
2025-06-30 12:46:15,387 - INFO - epoch 3 state log likelihoods: (-7.393, -4.729, -5.422)
2025-06-30 12:46:15,928 - INFO - epoch 4 state log likelihoods: (-7.463, -4.785, -5.402)
2025-06-30 12:46:16,491 - INFO - epoch 5 state log likelihoods: (-7.423, -4.8, -5.404)
2025-06-30 12:46:16,999 - INFO - epoch 6 state log likelihoods: (-7.488, -4.765, -5.404)
2025-06-30 12:46:17,539 - INFO - epoch 7 state log likelihoods: (-7.45, -4.671, -5.404)
2025-06-30 12:46:18,048 - INFO - epoch 8 state log likelihoods: (-7.468, -4.538, -5.407)
2025-06-30 12:46:18,560 - INFO - epoch 9 state log likelihoods: (-7.462, -4.444, -5.411)
2025-06-30 12:46:19,058 - INFO - epoch 10 state log likelihoods: (-7.495, -4.365, -5.416)
2025-06-30 12:46:19,532 - INFO - epoch 11 state log likelihoods: (-7.569, -4.297, -5.423)
2025-06-30 12:46:20,024 - INFO - epoch 12 state log likelihoods: (-7.576, -4.271, -5.431)
2025-06-30 12:46:20,550 - INFO - epoch 13 state log likelihoods: (-7.55, -4.248, -5.442)
2025-06-30 12:46:21,055 - INFO - epoch 14 state log likelihoods: (-7.493, -4.246, -5.45)
2025-06-30 12:46:21,549 - INFO - epoch 15 state log likelihoods: (-7.45, -4.251, -5.458)
2025-06-30 12:46:21,549 - INFO - 

2025-06-30 12:46:21,549 - INFO - Training HMM for Word  = six!
2025-06-30 12:46:21,844 - INFO - initial: state log likelihoods: (-8.445, -7.491, -7.146)
2025-06-30 12:46:22,140 - INFO - epoch 1 state log likelihoods: (-6.734, -6.988, -5.35)
2025-06-30 12:46:22,408 - INFO - epoch 2 state log likelihoods: (-4.328, -7.042, -4.81)
2025-06-30 12:46:22,688 - INFO - epoch 3 state log likelihoods: (-4.178, -7.142, -4.611)
2025-06-30 12:46:22,960 - INFO - epoch 4 state log likelihoods: (-4.176, -7.196, -4.496)
2025-06-30 12:46:23,268 - INFO - epoch 5 state log likelihoods: (-4.14, -7.159, -4.486)
2025-06-30 12:46:23,545 - INFO - epoch 6 state log likelihoods: (-4.081, -7.1, -4.569)
2025-06-30 12:46:23,826 - INFO - epoch 7 state log likelihoods: (-4.069, -7.048, -4.264)
2025-06-30 12:46:24,098 - INFO - epoch 8 state log likelihoods: (-4.069, -7.069, -4.104)
2025-06-30 12:46:24,370 - INFO - epoch 9 state log likelihoods: (-4.077, -7.071, -4.122)
2025-06-30 12:46:24,653 - INFO - epoch 10 state log likelihoods: (-4.089, -7.059, -4.181)
2025-06-30 12:46:24,941 - INFO - epoch 11 state log likelihoods: (-4.105, -7.05, -4.213)
2025-06-30 12:46:25,229 - INFO - epoch 12 state log likelihoods: (-4.117, -7.04, -4.243)
2025-06-30 12:46:25,504 - INFO - epoch 13 state log likelihoods: (-4.127, -7.034, -4.26)
2025-06-30 12:46:25,830 - INFO - epoch 14 state log likelihoods: (-4.134, -7.032, -4.268)
2025-06-30 12:46:26,284 - INFO - epoch 15 state log likelihoods: (-4.138, -7.03, -4.275)
2025-06-30 12:46:26,284 - INFO - 

2025-06-30 12:46:26,284 - INFO - Training HMM for Word  = eight!
2025-06-30 12:46:26,568 - INFO - initial: state log likelihoods: (-8.066, -7.685, -7.476)
2025-06-30 12:46:26,872 - INFO - epoch 1 state log likelihoods: (-5.557, -6.477, -6.513)
2025-06-30 12:46:27,152 - INFO - epoch 2 state log likelihoods: (-5.543, -6.267, -6.465)
2025-06-30 12:46:27,422 - INFO - epoch 3 state log likelihoods: (-5.556, -6.116, -6.611)
2025-06-30 12:46:27,701 - INFO - epoch 4 state log likelihoods: (-5.543, -5.948, -6.86)
2025-06-30 12:46:27,970 - INFO - epoch 5 state log likelihoods: (-5.531, -5.792, -6.99)
2025-06-30 12:46:28,245 - INFO - epoch 6 state log likelihoods: (-5.521, -5.758, -7.182)
2025-06-30 12:46:28,606 - INFO - epoch 7 state log likelihoods: (-5.464, -5.785, -7.063)
2025-06-30 12:46:28,913 - INFO - epoch 8 state log likelihoods: (-5.454, -5.836, -7.015)
2025-06-30 12:46:29,164 - INFO - epoch 9 state log likelihoods: (-5.442, -5.877, -6.961)
2025-06-30 12:46:29,434 - INFO - epoch 10 state log likelihoods: (-5.438, -5.904, -6.918)
2025-06-30 12:46:29,708 - INFO - epoch 11 state log likelihoods: (-5.44, -5.919, -6.893)
2025-06-30 12:46:29,982 - INFO - epoch 12 state log likelihoods: (-5.444, -5.93, -6.851)
2025-06-30 12:46:30,257 - INFO - epoch 13 state log likelihoods: (-5.444, -5.942, -6.828)
2025-06-30 12:46:30,528 - INFO - epoch 14 state log likelihoods: (-5.433, -5.959, -6.807)
2025-06-30 12:46:30,822 - INFO - epoch 15 state log likelihoods: (-5.432, -5.966, -6.788)
2025-06-30 12:46:30,823 - INFO - 

2025-06-30 12:46:31,886 - INFO - Accuracy: 0.828333

2025-06-30 12:46:31,887 - INFO - by digit:
2025-06-30 12:46:31,887 - INFO - zero: 0.95
2025-06-30 12:46:31,887 - INFO - one: 0.9167
2025-06-30 12:46:31,887 - INFO - two: 0.9167
2025-06-30 12:46:31,887 - INFO - three: 0.7
2025-06-30 12:46:31,887 - INFO - four: 0.8333
2025-06-30 12:46:31,887 - INFO - five: 0.8667
2025-06-30 12:46:31,887 - INFO - six: 0.7667
2025-06-30 12:46:31,887 - INFO - seven: 0.7833
2025-06-30 12:46:31,887 - INFO - eight: 0.6167
2025-06-30 12:46:31,887 - INFO - nine: 0.9333
